#
# A fatal error has been detected by the Java Runtime Environment:
#
#  SIGSEGV (0xb) at pc=0x0000000102f08914, pid=4907, tid=17155
#
# JRE version: Java(TM) SE Runtime Environment (8.0_60-b27) (build 1.8.0_60-b27)
# Java VM: Java HotSpot(TM) 64-Bit Server VM (25.60-b23 mixed mode bsd-amd64 compressed oops)
# Problematic frame:
# V  [libjvm.dylib+0x446914]  Method::checked_resolve_jmethod_id(_jmethodID*)+0xe
#
# Failed to write core dump. Core dumps have been disabled. To enable core dumping, try "ulimit -c unlimited" before starting Java again
#
# If you would like to submit a bug report, please visit:
#   http://bugreport.java.com/bugreport/crash.jsp
#

---------------  T H R E A D  ---------------

Current thread (0x00007faff3839800):  JavaThread "JDWP Transport Listener: dt_socket" daemon [_thread_in_vm, id=17155, stack(0x0000700000b3b000,0x0000700000c3b000)]

siginfo: si_signo: 11 (SIGSEGV), si_code: 0 (unknown), si_addr: 0x0000000000000000

Registers:
RAX=0x0000000000000001, RBX=0x0000700000c3aa8b, RCX=0x00000001032d7310, RDX=0x0000700000c3aa8b
RSP=0x0000700000c3a9d0, RBP=0x0000700000c3a9e0, RSI=0x00007faff3839800, RDI=0x6178457865676552
R8 =0x0000000000000001, R9 =0x0000000000000000, R10=0x0000000000000002, R11=0x00007faff3400000
R12=0x00007faff3839800, R13=0x6178457865676552, R14=0x6178457865676552, R15=0x00007faff3509560
RIP=0x0000000102f08914, EFLAGS=0x0000000000010202, ERR=0x0000000000000000
  TRAPNO=0x000000000000000d

Top of Stack: (sp=0x0000700000c3a9d0)
0x0000700000c3a9d0:   0000700000c3aa8b 0000700000c3aa8b
0x0000700000c3a9e0:   0000700000c3aa40 0000000102e17a0e
0x0000700000c3a9f0:   00007faff3839800 0000000000000000
0x0000700000c3aa00:   0000000000000000 0000000000000000
0x0000700000c3aa10:   00007faff3839800 00007faff3839800
0x0000700000c3aa20:   0000700000c3aa8b 0000700000c3aa90
0x0000700000c3aa30:   6178457865676552 0000000000000004
0x0000700000c3aa40:   0000700000c3aa60 0000000103aaf780
0x0000700000c3aa50:   0000000000000001 0000700000c3ab08
0x0000700000c3aa60:   0000700000c3aad0 0000000103a941f3
0x0000700000c3aa70:   0000700000c3aaa0 00007faff3429630
0x0000700000c3aa80:   0000000500000032 0000000a00c3ab08
0x0000700000c3aa90:   0000000000000000 0000000000000000
0x0000700000c3aaa0:   0000000000000000 0000700000c3ac90
0x0000700000c3aab0:   0000000103ab6e7a 00007faff352d0e0
0x0000700000c3aac0:   0000700000c3ab08 0000000103ac2598
0x0000700000c3aad0:   0000700000c3aae0 0000000103a942ec
0x0000700000c3aae0:   0000700000c3ad00 0000000103a9d898
0x0000700000c3aaf0:   0002729800000013 00000000000f0200
0x0000700000c3ab00:   00007faff3539870 0000700000c3ac4e
0x0000700000c3ab10:   00007faf00000036 0000700000c3ab20
0x0000700000c3ab20:   00007faf000000f6 0000700000c3ab58
0x0000700000c3ab30:   0000000000000000 0000000000000000
0x0000700000c3ab40:   000272980000000f 0000000000000080
0x0000700000c3ab50:   0000700000c3ab58 af7f000005000000
0x0000700000c3ab60:   06000000a0ed71f3 00003e74696e693c
0x0000700000c3ab70:   0000005629280300 7f00000100000000
0x0000700000c3ab80:   000000b0ed71f3af 0000006e69616d04
0x0000700000c3ab90:   6176616a4c5b2816 74532f676e616c2f
0x0000700000c3aba0:   0056293b676e6972 0009000000000000
0x0000700000c3abb0:   00b8ed71f3af7f00 74696c70730f0000
0x0000700000c3abc0:   6973736572707845 4c28270000006e6f 

Instructions: (pc=0x0000000102f08914)
0x0000000102f088f4:   40 48 48 85 c0 75 e0 30 c0 0f b6 c0 5d c3 31 c0
0x0000000102f08904:   5d c3 55 48 89 e5 53 48 83 ec 08 48 85 ff 74 24
0x0000000102f08914:   48 8b 1f 48 85 db 74 1c 48 83 fb 37 74 16 48 8b
0x0000000102f08924:   03 48 89 df ff 50 10 84 c0 b8 00 00 00 00 48 0f 

Register to memory mapping:

RAX=0x0000000000000001 is an unknown value
RBX=0x0000700000c3aa8b is pointing into the stack for thread: 0x00007faff3839800
RCX=0x00000001032d7310: UseMembar+0 in /Library/Java/JavaVirtualMachines/jdk1.8.0_60.jdk/Contents/Home/jre/lib/server/libjvm.dylib at 0x0000000102ac2000
RDX=0x0000700000c3aa8b is pointing into the stack for thread: 0x00007faff3839800
RSP=0x0000700000c3a9d0 is pointing into the stack for thread: 0x00007faff3839800
RBP=0x0000700000c3a9e0 is pointing into the stack for thread: 0x00007faff3839800
RSI=0x00007faff3839800 is a thread
RDI=0x6178457865676552 is an unknown value
R8 =0x0000000000000001 is an unknown value
R9 =0x0000000000000000 is an unknown value
R10=0x0000000000000002 is an unknown value
R11=0x00007faff3400000 is an unknown value
R12=0x00007faff3839800 is a thread
R13=0x6178457865676552 is an unknown value
R14=0x6178457865676552 is an unknown value
R15=0x00007faff3509560 is an unknown value


Stack: [0x0000700000b3b000,0x0000700000c3b000],  sp=0x0000700000c3a9d0,  free space=1022k
Native frames: (J=compiled Java code, j=interpreted, Vv=VM code, C=native code)
V  [libjvm.dylib+0x446914]  Method::checked_resolve_jmethod_id(_jmethodID*)+0xe
V  [libjvm.dylib+0x355a0e]  jvmti_IsMethodSynthetic+0xb2
C  [libjdwp.dylib+0x20780]  isMethodSynthetic+0x63
C  [libjdwp.dylib+0x51f3]  methods1+0x10b
C  [libjdwp.dylib+0x52ec]  methodsWithGeneric+0xe
C  [libjdwp.dylib+0xe898]  debugLoop_run+0x1ce
C  [libjdwp.dylib+0x1f6ba]  attachThread+0x4d
V  [libjvm.dylib+0x396d6c]  JvmtiAgentThread::call_start_function()+0x38
V  [libjvm.dylib+0x5612d3]  JavaThread::thread_main_inner()+0x9b
V  [libjvm.dylib+0x5629ce]  JavaThread::run()+0x1c2
V  [libjvm.dylib+0x48343a]  java_start(Thread*)+0xf6
C  [libsystem_pthread.dylib+0x399d]  _pthread_body+0x83
C  [libsystem_pthread.dylib+0x391a]  _pthread_body+0x0
C  [libsystem_pthread.dylib+0x1351]  thread_start+0xd
C  0x0000000000000000


---------------  P R O C E S S  ---------------

Java Threads: ( => current thread )
  0x00007faff380a000 JavaThread "Service Thread" daemon [_thread_blocked, id=20227, stack(0x000070000114d000,0x000070000124d000)]
  0x00007faff5013800 JavaThread "C1 CompilerThread2" daemon [_thread_blocked, id=19715, stack(0x000070000104a000,0x000070000114a000)]
  0x00007faff383b000 JavaThread "C2 CompilerThread1" daemon [_thread_blocked, id=19203, stack(0x0000700000f47000,0x0000700001047000)]
  0x00007faff3831800 JavaThread "C2 CompilerThread0" daemon [_thread_blocked, id=18691, stack(0x0000700000e44000,0x0000700000f44000)]
  0x00007faff5012800 JavaThread "JDWP Command Reader" daemon [_thread_in_native, id=18179, stack(0x0000700000d41000,0x0000700000e41000)]
  0x00007faff5008000 JavaThread "JDWP Event Helper Thread" daemon [_thread_blocked, id=17667, stack(0x0000700000c3e000,0x0000700000d3e000)]
=>0x00007faff3839800 JavaThread "JDWP Transport Listener: dt_socket" daemon [_thread_in_vm, id=17155, stack(0x0000700000b3b000,0x0000700000c3b000)]
  0x00007faff3838800 JavaThread "Signal Dispatcher" daemon [_thread_blocked, id=12815, stack(0x0000700000a38000,0x0000700000b38000)]
  0x00007faff4839000 JavaThread "Finalizer" daemon [_thread_blocked, id=11779, stack(0x000070000082f000,0x000070000092f000)]
  0x00007faff4832800 JavaThread "Reference Handler" daemon [_thread_blocked, id=11267, stack(0x000070000072c000,0x000070000082c000)]
  0x00007faff4020800 JavaThread "main" [_thread_blocked, id=4099, stack(0x0000700000084000,0x0000700000184000)]

Other Threads:
  0x00007faff4830000 VMThread [stack: 0x0000700000629000,0x0000700000729000] [id=10755]
  0x00007faff4805800 WatcherThread [stack: 0x0000700001250000,0x0000700001350000] [id=20739]

VM state:not at safepoint (normal execution)

VM Mutex/Monitor currently owned by a thread: None

Heap:
 PSYoungGen      total 76288K, used 6554K [0x000000076ab00000, 0x0000000770000000, 0x00000007c0000000)
  eden space 65536K, 10% used [0x000000076ab00000,0x000000076b1668c0,0x000000076eb00000)
  from space 10752K, 0% used [0x000000076f580000,0x000000076f580000,0x0000000770000000)
  to   space 10752K, 0% used [0x000000076eb00000,0x000000076eb00000,0x000000076f580000)
 ParOldGen       total 175104K, used 0K [0x00000006c0000000, 0x00000006cab00000, 0x000000076ab00000)
  object space 175104K, 0% used [0x00000006c0000000,0x00000006c0000000,0x00000006cab00000)
 Metaspace       used 3861K, capacity 4690K, committed 4864K, reserved 1056768K
  class space    used 449K, capacity 500K, committed 512K, reserved 1048576K

Card table byte_map: [0x00000001137c0000,0x0000000113fc1000] byte_map_base: 0x00000001101c0000

Marking Bits: (ParMarkBitMap*) 0x00000001033a0e20
 Begin Bits: [0x0000000114517000, 0x0000000118517000)
 End Bits:   [0x0000000118517000, 0x000000011c517000)

Polling page: 0x0000000103a8e000

CodeCache: size=245760Kb used=1145Kb max_used=1145Kb free=244614Kb
 bounds [0x0000000104400000, 0x0000000104670000, 0x0000000113400000]
 total_blobs=333 nmethods=86 adapters=170
 compilation: enabled

Compilation events (10 events):
Event: 0.203 Thread 0x00007faff5013800   35       3       java.util.Arrays::copyOf (19 bytes)
Event: 0.204 Thread 0x00007faff5013800 nmethod 35 0x0000000104514e50 code [0x0000000104514fe0, 0x0000000104515308]
Event: 0.204 Thread 0x00007faff5013800   36       1       java.util.ArrayList::size (5 bytes)
Event: 0.204 Thread 0x00007faff5013800 nmethod 36 0x0000000104515450 code [0x00000001045155a0, 0x00000001045156b0]
Event: 0.214 Thread 0x00007faff5013800   38       3       java.util.regex.Pattern::has (15 bytes)
Event: 0.214 Thread 0x00007faff5013800 nmethod 38 0x0000000104515a90 code [0x0000000104515c00, 0x0000000104515db0]
Event: 300.423 Thread 0x00007faff5013800   85       3       java.lang.ClassLoader::checkName (43 bytes)
Event: 300.427 Thread 0x00007faff5013800 nmethod 85 0x000000010451d650 code [0x000000010451d820, 0x000000010451df98]
Event: 300.427 Thread 0x00007faff5013800   86       3       sun.misc.VM::allowArraySyntax (4 bytes)
Event: 300.427 Thread 0x00007faff5013800 nmethod 86 0x000000010451e250 code [0x000000010451e3a0, 0x000000010451e4f0]

GC Heap History (0 events):
No events

Deoptimization events (0 events):
No events

Internal exceptions (4 events):
Event: 0.043 Thread 0x00007faff4020800 Exception <a 'java/lang/NoSuchMethodError': Method sun.misc.Unsafe.defineClass(Ljava/lang/String;[BII)Ljava/lang/Class; name or signature does not match> (0x000000076ab12908) thrown at [/Users/java_re/workspace/8-2-build-macosx-x86_64/jdk8u60/4407/hotspot
Event: 0.044 Thread 0x00007faff4020800 Exception <a 'java/lang/NoSuchMethodError': Method sun.misc.Unsafe.prefetchRead(Ljava/lang/Object;J)V name or signature does not match> (0x000000076ab12bf0) thrown at [/Users/java_re/workspace/8-2-build-macosx-x86_64/jdk8u60/4407/hotspot/src/share/vm/prim
Event: 12.326 Thread 0x00007faff4020800 Exception <a 'java/lang/NoSuchFieldError': method resolution failed> (0x000000076b057d00) thrown at [/Users/java_re/workspace/8-2-build-macosx-x86_64/jdk8u60/4407/hotspot/src/share/vm/prims/methodHandles.cpp, line 1146]
Event: 12.355 Thread 0x00007faff4020800 Exception <a 'java/lang/NoSuchFieldError': method resolution failed> (0x000000076b065100) thrown at [/Users/java_re/workspace/8-2-build-macosx-x86_64/jdk8u60/4407/hotspot/src/share/vm/prims/methodHandles.cpp, line 1146]

Events (10 events):
Event: 300.421 Executing VM operation: RevokeBias
Event: 300.421 Executing VM operation: RevokeBias done
Event: 300.421 Executing VM operation: RevokeBias
Event: 300.421 Executing VM operation: RevokeBias done
Event: 300.421 Executing VM operation: RevokeBias
Event: 300.421 Executing VM operation: RevokeBias done
Event: 300.422 Executing VM operation: RevokeBias
Event: 300.422 Executing VM operation: RevokeBias done
Event: 300.422 Executing VM operation: RedefineClasses
Event: 300.423 Executing VM operation: RedefineClasses done


Dynamic libraries:
0x00000000023c8000 	/System/Library/Frameworks/Cocoa.framework/Versions/A/Cocoa
0x00000000023c8000 	/System/Library/Frameworks/Security.framework/Versions/A/Security
0x00000000023c8000 	/System/Library/Frameworks/ApplicationServices.framework/Versions/A/ApplicationServices
0x00000000023c8000 	/usr/lib/libz.1.dylib
0x00000000023c8000 	/usr/lib/libSystem.B.dylib
0x00000000023c8000 	/usr/lib/libobjc.A.dylib
0x00000000023c8000 	/System/Library/Frameworks/CoreFoundation.framework/Versions/A/CoreFoundation
0x00000000023c8000 	/System/Library/Frameworks/Foundation.framework/Versions/C/Foundation
0x00000000023c8000 	/System/Library/Frameworks/AppKit.framework/Versions/C/AppKit
0x00000000023c8000 	/System/Library/Frameworks/CoreData.framework/Versions/A/CoreData
0x00000000023c8000 	/System/Library/PrivateFrameworks/RemoteViewServices.framework/Versions/A/RemoteViewServices
0x00000000023c8000 	/System/Library/PrivateFrameworks/UIFoundation.framework/Versions/A/UIFoundation
0x00000000023c8000 	/usr/lib/libScreenReader.dylib
0x00000000023c8000 	/System/Library/Frameworks/Accelerate.framework/Versions/A/Accelerate
0x00000000023c8000 	/System/Library/Frameworks/IOSurface.framework/Versions/A/IOSurface
0x00000000023c8000 	/System/Library/Frameworks/AudioToolbox.framework/Versions/A/AudioToolbox
0x00000000023c8000 	/System/Library/Frameworks/AudioUnit.framework/Versions/A/AudioUnit
0x00000000023c8000 	/System/Library/PrivateFrameworks/DataDetectorsCore.framework/Versions/A/DataDetectorsCore
0x00000000023c8000 	/System/Library/PrivateFrameworks/DesktopServicesPriv.framework/Versions/A/DesktopServicesPriv
0x00000000023c8000 	/System/Library/Frameworks/Carbon.framework/Versions/A/Frameworks/HIToolbox.framework/Versions/A/HIToolbox
0x00000000023c8000 	/System/Library/Frameworks/QuartzCore.framework/Versions/A/QuartzCore
0x00000000023c8000 	/System/Library/Frameworks/Carbon.framework/Versions/A/Frameworks/SpeechRecognition.framework/Versions/A/SpeechRecognition
0x00000000023c8000 	/usr/lib/libauto.dylib
0x00000000023c8000 	/usr/lib/libicucore.A.dylib
0x00000000023c8000 	/usr/lib/libxml2.2.dylib
0x00000000023c8000 	/System/Library/PrivateFrameworks/CoreUI.framework/Versions/A/CoreUI
0x00000000023c8000 	/System/Library/Frameworks/CoreAudio.framework/Versions/A/CoreAudio
0x00000000023c8000 	/System/Library/Frameworks/DiskArbitration.framework/Versions/A/DiskArbitration
0x00000000023c8000 	/usr/lib/liblangid.dylib
0x00000000023c8000 	/System/Library/PrivateFrameworks/MultitouchSupport.framework/Versions/A/MultitouchSupport
0x00000000023c8000 	/System/Library/Frameworks/IOKit.framework/Versions/A/IOKit
0x00000000023c8000 	/usr/lib/libDiagnosticMessagesClient.dylib
0x00000000023c8000 	/System/Library/Frameworks/CoreServices.framework/Versions/A/CoreServices
0x00000000023c8000 	/System/Library/PrivateFrameworks/PerformanceAnalysis.framework/Versions/A/PerformanceAnalysis
0x00000000023c8000 	/System/Library/PrivateFrameworks/GenerationalStorage.framework/Versions/A/GenerationalStorage
0x00000000023c8000 	/System/Library/Frameworks/OpenGL.framework/Versions/A/OpenGL
0x00000000023c8000 	/System/Library/PrivateFrameworks/Sharing.framework/Versions/A/Sharing
0x00000000023c8000 	/System/Library/Frameworks/CoreGraphics.framework/Versions/A/CoreGraphics
0x00000000023c8000 	/System/Library/Frameworks/CoreImage.framework/Versions/A/CoreImage
0x00000000023c8000 	/System/Library/Frameworks/CoreText.framework/Versions/A/CoreText
0x00000000023c8000 	/System/Library/Frameworks/ImageIO.framework/Versions/A/ImageIO
0x00000000023c8000 	/System/Library/PrivateFrameworks/Backup.framework/Versions/A/Backup
0x00000000023c8000 	/usr/lib/libextension.dylib
0x00000000023c8000 	/usr/lib/libarchive.2.dylib
0x00000000023c8000 	/System/Library/Frameworks/CFNetwork.framework/Versions/A/CFNetwork
0x00000000023c8000 	/System/Library/Frameworks/SystemConfiguration.framework/Versions/A/SystemConfiguration
0x00000000023c8000 	/usr/lib/libCRFSuite.dylib
0x00000000023c8000 	/usr/lib/libc++.1.dylib
0x00000000023c8000 	/usr/lib/libc++abi.dylib
0x00000000023c8000 	/usr/lib/system/libcache.dylib
0x00000000023c8000 	/usr/lib/system/libcommonCrypto.dylib
0x00000000023c8000 	/usr/lib/system/libcompiler_rt.dylib
0x00000000023c8000 	/usr/lib/system/libcopyfile.dylib
0x00000000023c8000 	/usr/lib/system/libcorecrypto.dylib
0x00000000023c8000 	/usr/lib/system/libdispatch.dylib
0x00000000023c8000 	/usr/lib/system/libdyld.dylib
0x00000000023c8000 	/usr/lib/system/libkeymgr.dylib
0x00000000023c8000 	/usr/lib/system/liblaunch.dylib
0x00000000023c8000 	/usr/lib/system/libmacho.dylib
0x00000000023c8000 	/usr/lib/system/libquarantine.dylib
0x00000000023c8000 	/usr/lib/system/libremovefile.dylib
0x00000000023c8000 	/usr/lib/system/libsystem_asl.dylib
0x00000000023c8000 	/usr/lib/system/libsystem_blocks.dylib
0x00000000023c8000 	/usr/lib/system/libsystem_c.dylib
0x00000000023c8000 	/usr/lib/system/libsystem_configuration.dylib
0x00000000023c8000 	/usr/lib/system/libsystem_coreservices.dylib
0x00000000023c8000 	/usr/lib/system/libsystem_coretls.dylib
0x00000000023c8000 	/usr/lib/system/libsystem_dnssd.dylib
0x00000000023c8000 	/usr/lib/system/libsystem_info.dylib
0x00000000023c8000 	/usr/lib/system/libsystem_kernel.dylib
0x00000000023c8000 	/usr/lib/system/libsystem_m.dylib
0x00000000023c8000 	/usr/lib/system/libsystem_malloc.dylib
0x00000000023c8000 	/usr/lib/system/libsystem_network.dylib
0x00000000023c8000 	/usr/lib/system/libsystem_networkextension.dylib
0x00000000023c8000 	/usr/lib/system/libsystem_notify.dylib
0x00000000023c8000 	/usr/lib/system/libsystem_platform.dylib
0x00000000023c8000 	/usr/lib/system/libsystem_pthread.dylib
0x00000000023c8000 	/usr/lib/system/libsystem_sandbox.dylib
0x00000000023c8000 	/usr/lib/system/libsystem_secinit.dylib
0x00000000023c8000 	/usr/lib/system/libsystem_trace.dylib
0x00000000023c8000 	/usr/lib/system/libunc.dylib
0x00000000023c8000 	/usr/lib/system/libunwind.dylib
0x00000000023c8000 	/usr/lib/system/libxpc.dylib
0x00000000023c8000 	/usr/lib/libenergytrace.dylib
0x00000000023c8000 	/usr/lib/libbsm.0.dylib
0x00000000023c8000 	/usr/lib/system/libkxld.dylib
0x00000000023c8000 	/usr/lib/libxar.1.dylib
0x00000000023c8000 	/usr/lib/libsqlite3.dylib
0x00000000023c8000 	/usr/lib/libpam.2.dylib
0x00000000023c8000 	/usr/lib/libOpenScriptingUtil.dylib
0x00000000023c8000 	/usr/lib/libbz2.1.0.dylib
0x00000000023c8000 	/usr/lib/liblzma.5.dylib
0x00000000023c8000 	/System/Library/Frameworks/CoreServices.framework/Versions/A/Frameworks/FSEvents.framework/Versions/A/FSEvents
0x00000000023c8000 	/System/Library/Frameworks/CoreServices.framework/Versions/A/Frameworks/CarbonCore.framework/Versions/A/CarbonCore
0x00000000023c8000 	/System/Library/Frameworks/CoreServices.framework/Versions/A/Frameworks/Metadata.framework/Versions/A/Metadata
0x00000000023c8000 	/System/Library/Frameworks/CoreServices.framework/Versions/A/Frameworks/OSServices.framework/Versions/A/OSServices
0x00000000023c8000 	/System/Library/Frameworks/CoreServices.framework/Versions/A/Frameworks/SearchKit.framework/Versions/A/SearchKit
0x00000000023c8000 	/System/Library/Frameworks/CoreServices.framework/Versions/A/Frameworks/AE.framework/Versions/A/AE
0x00000000023c8000 	/System/Library/Frameworks/CoreServices.framework/Versions/A/Frameworks/LaunchServices.framework/Versions/A/LaunchServices
0x00000000023c8000 	/System/Library/Frameworks/CoreServices.framework/Versions/A/Frameworks/DictionaryServices.framework/Versions/A/DictionaryServices
0x00000000023c8000 	/System/Library/Frameworks/CoreServices.framework/Versions/A/Frameworks/SharedFileList.framework/Versions/A/SharedFileList
0x00000000023c8000 	/System/Library/Frameworks/NetFS.framework/Versions/A/NetFS
0x00000000023c8000 	/System/Library/PrivateFrameworks/NetAuth.framework/Versions/A/NetAuth
0x00000000023c8000 	/System/Library/PrivateFrameworks/login.framework/Versions/A/Frameworks/loginsupport.framework/Versions/A/loginsupport
0x00000000023c8000 	/System/Library/PrivateFrameworks/TCC.framework/Versions/A/TCC
0x00000000023c8000 	/usr/lib/libmecabra.dylib
0x00000000023c8000 	/System/Library/Frameworks/ApplicationServices.framework/Versions/A/Frameworks/ATS.framework/Versions/A/ATS
0x00000000023c8000 	/System/Library/Frameworks/ApplicationServices.framework/Versions/A/Frameworks/ColorSync.framework/Versions/A/ColorSync
0x00000000023c8000 	/System/Library/Frameworks/ApplicationServices.framework/Versions/A/Frameworks/HIServices.framework/Versions/A/HIServices
0x00000000023c8000 	/System/Library/Frameworks/ApplicationServices.framework/Versions/A/Frameworks/LangAnalysis.framework/Versions/A/LangAnalysis
0x00000000023c8000 	/System/Library/Frameworks/ApplicationServices.framework/Versions/A/Frameworks/PrintCore.framework/Versions/A/PrintCore
0x00000000023c8000 	/System/Library/Frameworks/ApplicationServices.framework/Versions/A/Frameworks/QD.framework/Versions/A/QD
0x00000000023c8000 	/System/Library/Frameworks/ApplicationServices.framework/Versions/A/Frameworks/SpeechSynthesis.framework/Versions/A/SpeechSynthesis
0x00000000023c8000 	/System/Library/Frameworks/Metal.framework/Versions/A/Metal
0x00000000023c8000 	/System/Library/Frameworks/Accelerate.framework/Versions/A/Frameworks/vImage.framework/Versions/A/vImage
0x00000000023c8000 	/System/Library/Frameworks/Accelerate.framework/Versions/A/Frameworks/vecLib.framework/Versions/A/vecLib
0x00000000023c8000 	/System/Library/Frameworks/Accelerate.framework/Versions/A/Frameworks/vecLib.framework/Versions/A/libvDSP.dylib
0x00000000023c8000 	/System/Library/Frameworks/Accelerate.framework/Versions/A/Frameworks/vecLib.framework/Versions/A/libvMisc.dylib
0x00000000023c8000 	/System/Library/Frameworks/Accelerate.framework/Versions/A/Frameworks/vecLib.framework/Versions/A/libLAPACK.dylib
0x00000000023c8000 	/System/Library/Frameworks/Accelerate.framework/Versions/A/Frameworks/vecLib.framework/Versions/A/libBLAS.dylib
0x00000000023c8000 	/System/Library/Frameworks/Accelerate.framework/Versions/A/Frameworks/vecLib.framework/Versions/A/libLinearAlgebra.dylib
0x00000000023c8000 	/System/Library/Frameworks/Accelerate.framework/Versions/A/Frameworks/vecLib.framework/Versions/A/libSparseBLAS.dylib
0x00000000023c8000 	/System/Library/PrivateFrameworks/GPUCompiler.framework/libmetal_timestamp.dylib
0x00000000023c8000 	/System/Library/Frameworks/OpenGL.framework/Versions/A/Libraries/libCoreFSCache.dylib
0x00000000023c8000 	/System/Library/PrivateFrameworks/IOAccelerator.framework/Versions/A/IOAccelerator
0x00000000023c8000 	/System/Library/Frameworks/ApplicationServices.framework/Versions/A/Frameworks/ATS.framework/Versions/A/Resources/libFontParser.dylib
0x00000000023c8000 	/System/Library/Frameworks/ApplicationServices.framework/Versions/A/Frameworks/ATS.framework/Versions/A/Resources/libFontRegistry.dylib
0x00000000023c8000 	/System/Library/PrivateFrameworks/AppleVPA.framework/Versions/A/AppleVPA
0x00000000023c8000 	/System/Library/PrivateFrameworks/AppleJPEG.framework/Versions/A/AppleJPEG
0x00000000023c8000 	/System/Library/Frameworks/ImageIO.framework/Versions/A/Resources/libJPEG.dylib
0x00000000023c8000 	/System/Library/Frameworks/ImageIO.framework/Versions/A/Resources/libTIFF.dylib
0x00000000023c8000 	/System/Library/Frameworks/ImageIO.framework/Versions/A/Resources/libPng.dylib
0x00000000023c8000 	/System/Library/Frameworks/ImageIO.framework/Versions/A/Resources/libGIF.dylib
0x00000000023c8000 	/System/Library/Frameworks/ImageIO.framework/Versions/A/Resources/libJP2.dylib
0x00000000023c8000 	/System/Library/Frameworks/ImageIO.framework/Versions/A/Resources/libRadiance.dylib
0x00000000023c8000 	/System/Library/Frameworks/CoreVideo.framework/Versions/A/CoreVideo
0x00000000023c8000 	/System/Library/Frameworks/OpenGL.framework/Versions/A/Libraries/libGLU.dylib
0x00000000023c8000 	/System/Library/Frameworks/OpenGL.framework/Versions/A/Libraries/libGFXShared.dylib
0x00000000023c8000 	/System/Library/Frameworks/OpenGL.framework/Versions/A/Libraries/libGL.dylib
0x00000000023c8000 	/System/Library/Frameworks/OpenGL.framework/Versions/A/Libraries/libGLImage.dylib
0x00000000023c8000 	/System/Library/Frameworks/OpenGL.framework/Versions/A/Libraries/libCVMSPluginSupport.dylib
0x00000000023c8000 	/System/Library/Frameworks/OpenGL.framework/Versions/A/Libraries/libCoreVMClient.dylib
0x00000000023c8000 	/usr/lib/libcompression.dylib
0x00000000023c8000 	/usr/lib/libcups.2.dylib
0x00000000023c8000 	/System/Library/Frameworks/Kerberos.framework/Versions/A/Kerberos
0x00000000023c8000 	/System/Library/Frameworks/GSS.framework/Versions/A/GSS
0x00000000023c8000 	/usr/lib/libresolv.9.dylib
0x00000000023c8000 	/usr/lib/libiconv.2.dylib
0x00000000023c8000 	/System/Library/PrivateFrameworks/Heimdal.framework/Versions/A/Heimdal
0x00000000023c8000 	/usr/lib/libheimdal-asn1.dylib
0x00000000023c8000 	/System/Library/Frameworks/OpenDirectory.framework/Versions/A/OpenDirectory
0x00000000023c8000 	/System/Library/PrivateFrameworks/CommonAuth.framework/Versions/A/CommonAuth
0x00000000023c8000 	/System/Library/Frameworks/OpenDirectory.framework/Versions/A/Frameworks/CFOpenDirectory.framework/Versions/A/CFOpenDirectory
0x00000000023c8000 	/System/Library/Frameworks/SecurityFoundation.framework/Versions/A/SecurityFoundation
0x00000000023c8000 	/System/Library/PrivateFrameworks/LanguageModeling.framework/Versions/A/LanguageModeling
0x00000000023c8000 	/usr/lib/libmarisa.dylib
0x00000000023c8000 	/usr/lib/libChineseTokenizer.dylib
0x00000000023c8000 	/usr/lib/libcmph.dylib
0x00000000023c8000 	/System/Library/Frameworks/ServiceManagement.framework/Versions/A/ServiceManagement
0x00000000023c8000 	/usr/lib/libxslt.1.dylib
0x00000000023c8000 	/System/Library/Frameworks/Carbon.framework/Versions/A/Frameworks/Ink.framework/Versions/A/Ink
0x00000000023c8000 	/usr/lib/libFosl_dynamic.dylib
0x00000000023c8000 	/System/Library/PrivateFrameworks/FaceCore.framework/Versions/A/FaceCore
0x00000000023c8000 	/System/Library/Frameworks/OpenCL.framework/Versions/A/OpenCL
0x00000000023c8000 	/System/Library/PrivateFrameworks/CrashReporterSupport.framework/Versions/A/CrashReporterSupport
0x00000000023c8000 	/System/Library/PrivateFrameworks/IconServices.framework/Versions/A/IconServices
0x00000000023c8000 	/System/Library/PrivateFrameworks/Apple80211.framework/Versions/A/Apple80211
0x00000000023c8000 	/System/Library/Frameworks/CoreWLAN.framework/Versions/A/CoreWLAN
0x00000000023c8000 	/System/Library/Frameworks/IOBluetooth.framework/Versions/A/IOBluetooth
0x00000000023c8000 	/System/Library/PrivateFrameworks/CoreWiFi.framework/Versions/A/CoreWiFi
0x00000000023c8000 	/System/Library/Frameworks/CoreBluetooth.framework/Versions/A/CoreBluetooth
0x00000000023c8000 	/System/Library/PrivateFrameworks/ChunkingLibrary.framework/Versions/A/ChunkingLibrary
0x00000000023c8000 	/System/Library/PrivateFrameworks/DebugSymbols.framework/Versions/A/DebugSymbols
0x00000000023c8000 	/System/Library/PrivateFrameworks/CoreSymbolication.framework/Versions/A/CoreSymbolication
0x00000000023c8000 	/System/Library/PrivateFrameworks/Symbolication.framework/Versions/A/Symbolication
0x00000000023c8000 	/System/Library/PrivateFrameworks/SpeechRecognitionCore.framework/Versions/A/SpeechRecognitionCore
0x0000000102ac2000 	/Library/Java/JavaVirtualMachines/jdk1.8.0_60.jdk/Contents/Home/jre/lib/server/libjvm.dylib
0x00000000023c8000 	/usr/lib/libstdc++.6.dylib
0x0000000103a4b000 	/Library/Java/JavaVirtualMachines/jdk1.8.0_60.jdk/Contents/Home/jre/lib/libverify.dylib
0x0000000103a59000 	/Library/Java/JavaVirtualMachines/jdk1.8.0_60.jdk/Contents/Home/jre/lib/libjava.dylib
0x0000000103a8f000 	/Library/Java/JavaVirtualMachines/jdk1.8.0_60.jdk/Contents/Home/jre/lib/libjdwp.dylib
0x0000000103ada000 	/Library/Java/JavaVirtualMachines/jdk1.8.0_60.jdk/Contents/Home/jre/lib/libnpt.dylib
0x0000000103aeb000 	/Library/Java/JavaVirtualMachines/jdk1.8.0_60.jdk/Contents/Home/jre/lib/libzip.dylib
0x000000011e742000 	/System/Library/Frameworks/JavaVM.framework/Frameworks/JavaRuntimeSupport.framework/JavaRuntimeSupport
0x0000000103be8000 	/System/Library/Frameworks/JavaVM.framework/Versions/A/Frameworks/JavaNativeFoundation.framework/Versions/A/JavaNativeFoundation
0x000000011e75d000 	/System/Library/Frameworks/JavaVM.framework/Versions/A/JavaVM
0x00000000023c8000 	/System/Library/Frameworks/Carbon.framework/Versions/A/Carbon
0x000000011e76a000 	/System/Library/PrivateFrameworks/JavaLaunching.framework/Versions/A/JavaLaunching
0x00000000023c8000 	/System/Library/Frameworks/Carbon.framework/Versions/A/Frameworks/CommonPanels.framework/Versions/A/CommonPanels
0x00000000023c8000 	/System/Library/Frameworks/Carbon.framework/Versions/A/Frameworks/Help.framework/Versions/A/Help
0x00000000023c8000 	/System/Library/Frameworks/Carbon.framework/Versions/A/Frameworks/ImageCapture.framework/Versions/A/ImageCapture
0x00000000023c8000 	/System/Library/Frameworks/Carbon.framework/Versions/A/Frameworks/OpenScripting.framework/Versions/A/OpenScripting
0x00000000023c8000 	/System/Library/Frameworks/Carbon.framework/Versions/A/Frameworks/Print.framework/Versions/A/Print
0x00000000023c8000 	/System/Library/Frameworks/Carbon.framework/Versions/A/Frameworks/SecurityHI.framework/Versions/A/SecurityHI
0x000000012008b000 	/Library/Java/JavaVirtualMachines/jdk1.8.0_60.jdk/Contents/Home/jre/lib/libdt_socket.dylib

VM Arguments:
jvm_args: -agentlib:jdwp=transport=dt_socket,address=127.0.0.1:50616,suspend=y,server=n -Dfile.encoding=UTF-8 
java_command: com.example.HomeTest.RegexExample
java_class_path (initial): /Library/Java/JavaVirtualMachines/jdk1.8.0_60.jdk/Contents/Home/jre/lib/charsets.jar:/Library/Java/JavaVirtualMachines/jdk1.8.0_60.jdk/Contents/Home/jre/lib/deploy.jar:/Library/Java/JavaVirtualMachines/jdk1.8.0_60.jdk/Contents/Home/jre/lib/ext/cldrdata.jar:/Library/Java/JavaVirtualMachines/jdk1.8.0_60.jdk/Contents/Home/jre/lib/ext/dnsns.jar:/Library/Java/JavaVirtualMachines/jdk1.8.0_60.jdk/Contents/Home/jre/lib/ext/jaccess.jar:/Library/Java/JavaVirtualMachines/jdk1.8.0_60.jdk/Contents/Home/jre/lib/ext/jfxrt.jar:/Library/Java/JavaVirtualMachines/jdk1.8.0_60.jdk/Contents/Home/jre/lib/ext/localedata.jar:/Library/Java/JavaVirtualMachines/jdk1.8.0_60.jdk/Contents/Home/jre/lib/ext/nashorn.jar:/Library/Java/JavaVirtualMachines/jdk1.8.0_60.jdk/Contents/Home/jre/lib/ext/sunec.jar:/Library/Java/JavaVirtualMachines/jdk1.8.0_60.jdk/Contents/Home/jre/lib/ext/sunjce_provider.jar:/Library/Java/JavaVirtualMachines/jdk1.8.0_60.jdk/Contents/Home/jre/lib/ext/sunpkcs11.jar:/Library/Java/JavaVirtualMachines/jdk1.8.0_60.jdk/Contents/Home/jre/lib/ext/zipfs.jar:/Library/Java/JavaVirtualMachines/jdk1.8.0_60.jdk/Contents/Home/jre/lib/javaws.jar:/Library/Java/JavaVirtualMachines/jdk1.8.0_60.jdk/Contents/Home/jre/lib/jce.jar:/Library/Java/JavaVirtualMachines/jdk1.8.0_60.jdk/Contents/Home/jre/lib/jfr.jar:/Library/Java/JavaVirtualMachines/jdk1.8.0_60.jdk/Contents/Home/jre/lib/jfxswt.jar:/Library/Java/JavaVirtualMachines/jdk1.8.0_60.jdk/Contents/Home/jre/lib/jsse.jar:/Library/Java/JavaVirtualMachines/jdk1.8.0_60.jdk/Contents/Home/jre/lib/management-agent.jar:/Library/Java/JavaVirtualMachines/jdk1.8.0_60.jdk/Contents/Home/jre/lib/plugin.jar:/Library/Java/JavaVirtualMachines/jdk1.8.0_60.jdk/Contents/Home/jre/lib/resources.jar:/Library/Java/JavaVirtualMachines/jdk1.8.0_60.jdk/Contents/Home/jre/lib/rt.jar:/Library/Java/JavaVirtualMachines/jdk1.8.0_60.jdk/Contents/Home/lib/ant-javafx.jar:/Library/Java/JavaVirtualMachines/jdk1.8.0_60.jdk/Contents/Home/lib/dt.jar:/Library/Ja
Launcher Type: SUN_STANDARD

Environment Variables:
JAVA_HOME=/Library/Java/JavaVirtualMachines/jdk1.8.0_60.jdk/Contents/Home
PATH=/usr/local/bin:/usr/bin:/bin:/usr/sbin:/sbin
SHELL=/bin/bash

Signal Handlers:
SIGSEGV: [libjvm.dylib+0x5a6d31], sa_mask[0]=11111111011111110111111111111111, sa_flags=SA_ONSTACK|SA_RESTART|SA_SIGINFO
SIGBUS: [libjvm.dylib+0x5a6d31], sa_mask[0]=11111111011111110111111111111111, sa_flags=SA_RESTART|SA_SIGINFO
SIGFPE: [libjvm.dylib+0x480a4c], sa_mask[0]=11111111011111110111111111111111, sa_flags=SA_RESTART|SA_SIGINFO
SIGPIPE: [libjvm.dylib+0x480a4c], sa_mask[0]=11111111011111110111111111111111, sa_flags=SA_RESTART|SA_SIGINFO
SIGXFSZ: [libjvm.dylib+0x480a4c], sa_mask[0]=11111111011111110111111111111111, sa_flags=SA_RESTART|SA_SIGINFO
SIGILL: [libjvm.dylib+0x480a4c], sa_mask[0]=11111111011111110111111111111111, sa_flags=SA_RESTART|SA_SIGINFO
SIGUSR1: SIG_DFL, sa_mask[0]=00000000000000000000000000000000, sa_flags=none
SIGUSR2: [libjvm.dylib+0x48056a], sa_mask[0]=00100000000000000000000000000000, sa_flags=SA_RESTART|SA_SIGINFO
SIGHUP: [libjvm.dylib+0x47eb41], sa_mask[0]=11111111011111110111111111111111, sa_flags=SA_RESTART|SA_SIGINFO
SIGINT: [libjvm.dylib+0x47eb41], sa_mask[0]=11111111011111110111111111111111, sa_flags=SA_RESTART|SA_SIGINFO
SIGTERM: [libjvm.dylib+0x47eb41], sa_mask[0]=11111111011111110111111111111111, sa_flags=SA_RESTART|SA_SIGINFO
SIGQUIT: [libjvm.dylib+0x47eb41], sa_mask[0]=11111111011111110111111111111111, sa_flags=SA_RESTART|SA_SIGINFO


---------------  S Y S T E M  ---------------

OS:Bsduname:Darwin 15.6.0 Darwin Kernel Version 15.6.0: Thu Sep  1 15:01:16 PDT 2016; root:xnu-3248.60.11~2/RELEASE_X86_64 x86_64
rlimit: STACK 8192k, CORE 0k, NPROC 709, NOFILE 10240, AS infinity
load average:2.75 2.46 2.26

CPU:total 4 (2 cores per cpu, 2 threads per core) family 6 model 61 stepping 4, cmov, cx8, fxsr, mmx, sse, sse2, sse3, ssse3, sse4.1, sse4.2, popcnt, avx, avx2, aes, clmul, erms, 3dnowpref, lzcnt, ht, tsc, tscinvbit, bmi1, bmi2, adx

Memory: 4k page, physical 16777216k(960492k free)

/proc/meminfo:


vm_info: Java HotSpot(TM) 64-Bit Server VM (25.60-b23) for bsd-amd64 JRE (1.8.0_60-b27), built on Aug  4 2015 10:47:24 by "java_re" with gcc 4.2.1 (Based on Apple Inc. build 5658) (LLVM build 2336.11.00)

time: Wed Jan 18 14:44:55 2017
elapsed time: 300 seconds (0d 0h 5m 0s)

