#
# A fatal error has been detected by the Java Runtime Environment:
#
#  SIGSEGV (0xb) at pc=0x0000000106bba914, pid=4926, tid=16899
#
# JRE version: Java(TM) SE Runtime Environment (8.0_60-b27) (build 1.8.0_60-b27)
# Java VM: Java HotSpot(TM) 64-Bit Server VM (25.60-b23 mixed mode bsd-amd64 compressed oops)
# Problematic frame:
# V  [libjvm.dylib+0x446914]  Method::checked_resolve_jmethod_id(_jmethodID*)+0xe
#
# Failed to write core dump. Core dumps have been disabled. To enable core dumping, try "ulimit -c unlimited" before starting Java again
#
# If you would like to submit a bug report, please visit:
#   http://bugreport.java.com/bugreport/crash.jsp
#

---------------  T H R E A D  ---------------

Current thread (0x00007feed3819000):  JavaThread "JDWP Transport Listener: dt_socket" daemon [_thread_in_vm, id=16899, stack(0x0000700000ab8000,0x0000700000bb8000)]

siginfo: si_signo: 11 (SIGSEGV), si_code: 0 (unknown), si_addr: 0x0000000000000000

Registers:
RAX=0x0000000000000001, RBX=0x0000700000bb7a8b, RCX=0x0000000106f89310, RDX=0x0000700000bb7a8b
RSP=0x0000700000bb79d0, RBP=0x0000700000bb79e0, RSI=0x00007feed3819000, RDI=0x726159676e69746e
R8 =0x0000000000000000, R9 =0x00007feed371bd50, R10=0x00000000d68bbe31, R11=0x00007feed3700000
R12=0x00007feed3819000, R13=0x726159676e69746e, R14=0x726159676e69746e, R15=0x00007feed3601990
RIP=0x0000000106bba914, EFLAGS=0x0000000000010202, ERR=0x0000000000000000
  TRAPNO=0x000000000000000d

Top of Stack: (sp=0x0000700000bb79d0)
0x0000700000bb79d0:   0000700000bb7a8b 0000700000bb7a8b
0x0000700000bb79e0:   0000700000bb7a40 0000000106ac9a0e
0x0000700000bb79f0:   00007feed3819000 0000000000000000
0x0000700000bb7a00:   0000000000000000 0000000000000000
0x0000700000bb7a10:   00007feed3819000 00007feed3819000
0x0000700000bb7a20:   0000700000bb7a8b 0000700000bb7a90
0x0000700000bb7a30:   726159676e69746e 0000000000000005
0x0000700000bb7a40:   0000700000bb7a60 0000000107761780
0x0000700000bb7a50:   0000000000000001 0000700000bb7b08
0x0000700000bb7a60:   0000700000bb7ad0 00000001077461f3
0x0000700000bb7a70:   0000700000bb7aa0 00007feed37146a0
0x0000700000bb7a80:   0000000700000032 0000000800bb7b08
0x0000700000bb7a90:   0000000000000000 0000000000000000
0x0000700000bb7aa0:   0000000000000000 0000700000bb7c90
0x0000700000bb7ab0:   0000000107768e7a 00007feed34281d0
0x0000700000bb7ac0:   0000700000bb7b08 0000000107774598
0x0000700000bb7ad0:   0000700000bb7ae0 00000001077462ec
0x0000700000bb7ae0:   0000700000bb7d00 000000010774f898
0x0000700000bb7af0:   000282d700000013 00000000000f0200
0x0000700000bb7b00:   00007feed3428410 00007feed371fdc3
0x0000700000bb7b10:   00007fee00000245 00007feed371f390
0x0000700000bb7b20:   00007fee0000012c 0000700000bb7b58
0x0000700000bb7b30:   00007feed371f390 0000000000000000
0x0000700000bb7b40:   000282d70000000f 0000000000000080
0x0000700000bb7b50:   0000700000bb7b58 ee7f000007000000
0x0000700000bb7b60:   1a000000885c52d3 72246164626d616c
0x0000700000bb7b70:   6c754e65766f6d65 7974706d45724f6c
0x0000700000bb7b80:   4c28150000003024 6e616c2f6176616a
0x0000700000bb7b90:   676e697274532f67 f0000000005a293b
0x0000700000bb7ba0:   d3ee7f00000a1000 6d04000000605c52
0x0000700000bb7bb0:   28160000006e6961 6c2f6176616a4c5b
0x0000700000bb7bc0:   697274532f676e61 00000056293b676e 

Instructions: (pc=0x0000000106bba914)
0x0000000106bba8f4:   40 48 48 85 c0 75 e0 30 c0 0f b6 c0 5d c3 31 c0
0x0000000106bba904:   5d c3 55 48 89 e5 53 48 83 ec 08 48 85 ff 74 24
0x0000000106bba914:   48 8b 1f 48 85 db 74 1c 48 83 fb 37 74 16 48 8b
0x0000000106bba924:   03 48 89 df ff 50 10 84 c0 b8 00 00 00 00 48 0f 

Register to memory mapping:

RAX=0x0000000000000001 is an unknown value
RBX=0x0000700000bb7a8b is pointing into the stack for thread: 0x00007feed3819000
RCX=0x0000000106f89310: UseMembar+0 in /Library/Java/JavaVirtualMachines/jdk1.8.0_60.jdk/Contents/Home/jre/lib/server/libjvm.dylib at 0x0000000106774000
RDX=0x0000700000bb7a8b is pointing into the stack for thread: 0x00007feed3819000
RSP=0x0000700000bb79d0 is pointing into the stack for thread: 0x00007feed3819000
RBP=0x0000700000bb79e0 is pointing into the stack for thread: 0x00007feed3819000
RSI=0x00007feed3819000 is a thread
RDI=0x726159676e69746e is an unknown value
R8 =0x0000000000000000 is an unknown value
R9 =0x00007feed371bd50 is an unknown value
R10=0x00000000d68bbe31 is an unknown value
R11=0x00007feed3700000 is an unknown value
R12=0x00007feed3819000 is a thread
R13=0x726159676e69746e is an unknown value
R14=0x726159676e69746e is an unknown value
R15=0x00007feed3601990 is an unknown value


Stack: [0x0000700000ab8000,0x0000700000bb8000],  sp=0x0000700000bb79d0,  free space=1022k
Native frames: (J=compiled Java code, j=interpreted, Vv=VM code, C=native code)
V  [libjvm.dylib+0x446914]  Method::checked_resolve_jmethod_id(_jmethodID*)+0xe
V  [libjvm.dylib+0x355a0e]  jvmti_IsMethodSynthetic+0xb2
C  [libjdwp.dylib+0x20780]  isMethodSynthetic+0x63
C  [libjdwp.dylib+0x51f3]  methods1+0x10b
C  [libjdwp.dylib+0x52ec]  methodsWithGeneric+0xe
C  [libjdwp.dylib+0xe898]  debugLoop_run+0x1ce
C  [libjdwp.dylib+0x1f6ba]  attachThread+0x4d
V  [libjvm.dylib+0x396d6c]  JvmtiAgentThread::call_start_function()+0x38
V  [libjvm.dylib+0x5612d3]  JavaThread::thread_main_inner()+0x9b
V  [libjvm.dylib+0x5629ce]  JavaThread::run()+0x1c2
V  [libjvm.dylib+0x48343a]  java_start(Thread*)+0xf6
C  [libsystem_pthread.dylib+0x399d]  _pthread_body+0x83
C  [libsystem_pthread.dylib+0x391a]  _pthread_body+0x0
C  [libsystem_pthread.dylib+0x1351]  thread_start+0xd
C  0x0000000000000000


---------------  P R O C E S S  ---------------

Java Threads: ( => current thread )
  0x00007feed4868800 JavaThread "Service Thread" daemon [_thread_blocked, id=19971, stack(0x00007000010ca000,0x00007000011ca000)]
  0x00007feed4028000 JavaThread "C1 CompilerThread2" daemon [_thread_blocked, id=19459, stack(0x0000700000fc7000,0x00007000010c7000)]
  0x00007feed4027800 JavaThread "C2 CompilerThread1" daemon [_thread_blocked, id=18947, stack(0x0000700000ec4000,0x0000700000fc4000)]
  0x00007feed5034000 JavaThread "C2 CompilerThread0" daemon [_thread_blocked, id=18435, stack(0x0000700000dc1000,0x0000700000ec1000)]
  0x00007feed5033800 JavaThread "JDWP Command Reader" daemon [_thread_in_native, id=17923, stack(0x0000700000cbe000,0x0000700000dbe000)]
  0x00007feed5032800 JavaThread "JDWP Event Helper Thread" daemon [_thread_blocked, id=17411, stack(0x0000700000bbb000,0x0000700000cbb000)]
=>0x00007feed3819000 JavaThread "JDWP Transport Listener: dt_socket" daemon [_thread_in_vm, id=16899, stack(0x0000700000ab8000,0x0000700000bb8000)]
  0x00007feed485c000 JavaThread "Signal Dispatcher" daemon [_thread_blocked, id=15375, stack(0x00007000009b5000,0x0000700000ab5000)]
  0x00007feed400e000 JavaThread "Finalizer" daemon [_thread_blocked, id=11779, stack(0x000070000082f000,0x000070000092f000)]
  0x00007feed5028800 JavaThread "Reference Handler" daemon [_thread_blocked, id=11267, stack(0x000070000072c000,0x000070000082c000)]
  0x00007feed4003000 JavaThread "main" [_thread_blocked, id=4099, stack(0x0000700000084000,0x0000700000184000)]

Other Threads:
  0x00007feed484d000 VMThread [stack: 0x0000700000629000,0x0000700000729000] [id=10755]
  0x00007feed484f800 WatcherThread [stack: 0x00007000011cd000,0x00007000012cd000] [id=20483]

VM state:not at safepoint (normal execution)

VM Mutex/Monitor currently owned by a thread: None

Heap:
 PSYoungGen      total 76288K, used 5243K [0x000000076ab00000, 0x0000000770000000, 0x00000007c0000000)
  eden space 65536K, 8% used [0x000000076ab00000,0x000000076b01ec70,0x000000076eb00000)
  from space 10752K, 0% used [0x000000076f580000,0x000000076f580000,0x0000000770000000)
  to   space 10752K, 0% used [0x000000076eb00000,0x000000076eb00000,0x000000076f580000)
 ParOldGen       total 175104K, used 0K [0x00000006c0000000, 0x00000006cab00000, 0x000000076ab00000)
  object space 175104K, 0% used [0x00000006c0000000,0x00000006c0000000,0x00000006cab00000)
 Metaspace       used 2815K, capacity 4498K, committed 4864K, reserved 1056768K
  class space    used 303K, capacity 386K, committed 512K, reserved 1048576K

Card table byte_map: [0x0000000117400000,0x0000000117c01000] byte_map_base: 0x0000000113e00000

Marking Bits: (ParMarkBitMap*) 0x0000000107052e20
 Begin Bits: [0x0000000118157000, 0x000000011c157000)
 End Bits:   [0x000000011c157000, 0x0000000120157000)

Polling page: 0x0000000107740000

CodeCache: size=245760Kb used=1114Kb max_used=1114Kb free=244645Kb
 bounds [0x00000001077a2000, 0x0000000107a12000, 0x00000001167a2000]
 total_blobs=263 nmethods=40 adapters=146
 compilation: enabled

Compilation events (10 events):
Event: 0.163 Thread 0x00007feed4028000   35       3       java.lang.AbstractStringBuilder::<init> (12 bytes)
Event: 0.163 Thread 0x00007feed4028000 nmethod 35 0x00000001078b7210 code [0x00000001078b7380, 0x00000001078b75d0]
Event: 0.163 Thread 0x00007feed4028000   36       1       java.net.URL::getFile (5 bytes)
Event: 0.163 Thread 0x00007feed4028000 nmethod 36 0x00000001078b7690 code [0x00000001078b77e0, 0x00000001078b78f0]
Event: 0.164 Thread 0x00007feed4028000   37       3       java.util.Arrays::copyOf (19 bytes)
Event: 0.164 Thread 0x00007feed4028000 nmethod 37 0x00000001078b7950 code [0x00000001078b7ae0, 0x00000001078b7e08]
Event: 0.164 Thread 0x00007feed4028000   38       1       java.util.ArrayList::size (5 bytes)
Event: 0.164 Thread 0x00007feed4028000 nmethod 38 0x00000001078b7f50 code [0x00000001078b80a0, 0x00000001078b81b0]
Event: 0.180 Thread 0x00007feed4028000   40       3       java.util.regex.Pattern::has (15 bytes)
Event: 0.180 Thread 0x00007feed4028000 nmethod 40 0x00000001078b8590 code [0x00000001078b8700, 0x00000001078b88b0]

GC Heap History (0 events):
No events

Deoptimization events (0 events):
No events

Internal exceptions (2 events):
Event: 0.060 Thread 0x00007feed4003000 Exception <a 'java/lang/NoSuchMethodError': Method sun.misc.Unsafe.defineClass(Ljava/lang/String;[BII)Ljava/lang/Class; name or signature does not match> (0x000000076ab12c58) thrown at [/Users/java_re/workspace/8-2-build-macosx-x86_64/jdk8u60/4407/hotspot
Event: 0.060 Thread 0x00007feed4003000 Exception <a 'java/lang/NoSuchMethodError': Method sun.misc.Unsafe.prefetchRead(Ljava/lang/Object;J)V name or signature does not match> (0x000000076ab12f40) thrown at [/Users/java_re/workspace/8-2-build-macosx-x86_64/jdk8u60/4407/hotspot/src/share/vm/prim

Events (10 events):
Event: 14.371 Executing VM operation: GetOrSetLocal
Event: 14.371 Executing VM operation: GetOrSetLocal done
Event: 14.371 Executing VM operation: GetOrSetLocal
Event: 14.371 Executing VM operation: GetOrSetLocal done
Event: 14.371 Executing VM operation: GetOrSetLocal
Event: 14.371 Executing VM operation: GetOrSetLocal done
Event: 254.021 Executing VM operation: ChangeBreakpoints
Event: 254.021 Executing VM operation: ChangeBreakpoints done
Event: 254.023 Executing VM operation: RedefineClasses
Event: 254.024 Executing VM operation: RedefineClasses done


Dynamic libraries:
0x00000000023c8000 	/System/Library/Frameworks/Cocoa.framework/Versions/A/Cocoa
0x00000000023c8000 	/System/Library/Frameworks/Security.framework/Versions/A/Security
0x00000000023c8000 	/System/Library/Frameworks/ApplicationServices.framework/Versions/A/ApplicationServices
0x00000000023c8000 	/usr/lib/libz.1.dylib
0x00000000023c8000 	/usr/lib/libSystem.B.dylib
0x00000000023c8000 	/usr/lib/libobjc.A.dylib
0x00000000023c8000 	/System/Library/Frameworks/CoreFoundation.framework/Versions/A/CoreFoundation
0x00000000023c8000 	/System/Library/Frameworks/Foundation.framework/Versions/C/Foundation
0x00000000023c8000 	/System/Library/Frameworks/AppKit.framework/Versions/C/AppKit
0x00000000023c8000 	/System/Library/Frameworks/CoreData.framework/Versions/A/CoreData
0x00000000023c8000 	/System/Library/PrivateFrameworks/RemoteViewServices.framework/Versions/A/RemoteViewServices
0x00000000023c8000 	/System/Library/PrivateFrameworks/UIFoundation.framework/Versions/A/UIFoundation
0x00000000023c8000 	/usr/lib/libScreenReader.dylib
0x00000000023c8000 	/System/Library/Frameworks/Accelerate.framework/Versions/A/Accelerate
0x00000000023c8000 	/System/Library/Frameworks/IOSurface.framework/Versions/A/IOSurface
0x00000000023c8000 	/System/Library/Frameworks/AudioToolbox.framework/Versions/A/AudioToolbox
0x00000000023c8000 	/System/Library/Frameworks/AudioUnit.framework/Versions/A/AudioUnit
0x00000000023c8000 	/System/Library/PrivateFrameworks/DataDetectorsCore.framework/Versions/A/DataDetectorsCore
0x00000000023c8000 	/System/Library/PrivateFrameworks/DesktopServicesPriv.framework/Versions/A/DesktopServicesPriv
0x00000000023c8000 	/System/Library/Frameworks/Carbon.framework/Versions/A/Frameworks/HIToolbox.framework/Versions/A/HIToolbox
0x00000000023c8000 	/System/Library/Frameworks/QuartzCore.framework/Versions/A/QuartzCore
0x00000000023c8000 	/System/Library/Frameworks/Carbon.framework/Versions/A/Frameworks/SpeechRecognition.framework/Versions/A/SpeechRecognition
0x00000000023c8000 	/usr/lib/libauto.dylib
0x00000000023c8000 	/usr/lib/libicucore.A.dylib
0x00000000023c8000 	/usr/lib/libxml2.2.dylib
0x00000000023c8000 	/System/Library/PrivateFrameworks/CoreUI.framework/Versions/A/CoreUI
0x00000000023c8000 	/System/Library/Frameworks/CoreAudio.framework/Versions/A/CoreAudio
0x00000000023c8000 	/System/Library/Frameworks/DiskArbitration.framework/Versions/A/DiskArbitration
0x00000000023c8000 	/usr/lib/liblangid.dylib
0x00000000023c8000 	/System/Library/PrivateFrameworks/MultitouchSupport.framework/Versions/A/MultitouchSupport
0x00000000023c8000 	/System/Library/Frameworks/IOKit.framework/Versions/A/IOKit
0x00000000023c8000 	/usr/lib/libDiagnosticMessagesClient.dylib
0x00000000023c8000 	/System/Library/Frameworks/CoreServices.framework/Versions/A/CoreServices
0x00000000023c8000 	/System/Library/PrivateFrameworks/PerformanceAnalysis.framework/Versions/A/PerformanceAnalysis
0x00000000023c8000 	/System/Library/PrivateFrameworks/GenerationalStorage.framework/Versions/A/GenerationalStorage
0x00000000023c8000 	/System/Library/Frameworks/OpenGL.framework/Versions/A/OpenGL
0x00000000023c8000 	/System/Library/PrivateFrameworks/Sharing.framework/Versions/A/Sharing
0x00000000023c8000 	/System/Library/Frameworks/CoreGraphics.framework/Versions/A/CoreGraphics
0x00000000023c8000 	/System/Library/Frameworks/CoreImage.framework/Versions/A/CoreImage
0x00000000023c8000 	/System/Library/Frameworks/CoreText.framework/Versions/A/CoreText
0x00000000023c8000 	/System/Library/Frameworks/ImageIO.framework/Versions/A/ImageIO
0x00000000023c8000 	/System/Library/PrivateFrameworks/Backup.framework/Versions/A/Backup
0x00000000023c8000 	/usr/lib/libextension.dylib
0x00000000023c8000 	/usr/lib/libarchive.2.dylib
0x00000000023c8000 	/System/Library/Frameworks/CFNetwork.framework/Versions/A/CFNetwork
0x00000000023c8000 	/System/Library/Frameworks/SystemConfiguration.framework/Versions/A/SystemConfiguration
0x00000000023c8000 	/usr/lib/libCRFSuite.dylib
0x00000000023c8000 	/usr/lib/libc++.1.dylib
0x00000000023c8000 	/usr/lib/libc++abi.dylib
0x00000000023c8000 	/usr/lib/system/libcache.dylib
0x00000000023c8000 	/usr/lib/system/libcommonCrypto.dylib
0x00000000023c8000 	/usr/lib/system/libcompiler_rt.dylib
0x00000000023c8000 	/usr/lib/system/libcopyfile.dylib
0x00000000023c8000 	/usr/lib/system/libcorecrypto.dylib
0x00000000023c8000 	/usr/lib/system/libdispatch.dylib
0x00000000023c8000 	/usr/lib/system/libdyld.dylib
0x00000000023c8000 	/usr/lib/system/libkeymgr.dylib
0x00000000023c8000 	/usr/lib/system/liblaunch.dylib
0x00000000023c8000 	/usr/lib/system/libmacho.dylib
0x00000000023c8000 	/usr/lib/system/libquarantine.dylib
0x00000000023c8000 	/usr/lib/system/libremovefile.dylib
0x00000000023c8000 	/usr/lib/system/libsystem_asl.dylib
0x00000000023c8000 	/usr/lib/system/libsystem_blocks.dylib
0x00000000023c8000 	/usr/lib/system/libsystem_c.dylib
0x00000000023c8000 	/usr/lib/system/libsystem_configuration.dylib
0x00000000023c8000 	/usr/lib/system/libsystem_coreservices.dylib
0x00000000023c8000 	/usr/lib/system/libsystem_coretls.dylib
0x00000000023c8000 	/usr/lib/system/libsystem_dnssd.dylib
0x00000000023c8000 	/usr/lib/system/libsystem_info.dylib
0x00000000023c8000 	/usr/lib/system/libsystem_kernel.dylib
0x00000000023c8000 	/usr/lib/system/libsystem_m.dylib
0x00000000023c8000 	/usr/lib/system/libsystem_malloc.dylib
0x00000000023c8000 	/usr/lib/system/libsystem_network.dylib
0x00000000023c8000 	/usr/lib/system/libsystem_networkextension.dylib
0x00000000023c8000 	/usr/lib/system/libsystem_notify.dylib
0x00000000023c8000 	/usr/lib/system/libsystem_platform.dylib
0x00000000023c8000 	/usr/lib/system/libsystem_pthread.dylib
0x00000000023c8000 	/usr/lib/system/libsystem_sandbox.dylib
0x00000000023c8000 	/usr/lib/system/libsystem_secinit.dylib
0x00000000023c8000 	/usr/lib/system/libsystem_trace.dylib
0x00000000023c8000 	/usr/lib/system/libunc.dylib
0x00000000023c8000 	/usr/lib/system/libunwind.dylib
0x00000000023c8000 	/usr/lib/system/libxpc.dylib
0x00000000023c8000 	/usr/lib/libenergytrace.dylib
0x00000000023c8000 	/usr/lib/libbsm.0.dylib
0x00000000023c8000 	/usr/lib/system/libkxld.dylib
0x00000000023c8000 	/usr/lib/libxar.1.dylib
0x00000000023c8000 	/usr/lib/libsqlite3.dylib
0x00000000023c8000 	/usr/lib/libpam.2.dylib
0x00000000023c8000 	/usr/lib/libOpenScriptingUtil.dylib
0x00000000023c8000 	/usr/lib/libbz2.1.0.dylib
0x00000000023c8000 	/usr/lib/liblzma.5.dylib
0x00000000023c8000 	/System/Library/Frameworks/CoreServices.framework/Versions/A/Frameworks/FSEvents.framework/Versions/A/FSEvents
0x00000000023c8000 	/System/Library/Frameworks/CoreServices.framework/Versions/A/Frameworks/CarbonCore.framework/Versions/A/CarbonCore
0x00000000023c8000 	/System/Library/Frameworks/CoreServices.framework/Versions/A/Frameworks/Metadata.framework/Versions/A/Metadata
0x00000000023c8000 	/System/Library/Frameworks/CoreServices.framework/Versions/A/Frameworks/OSServices.framework/Versions/A/OSServices
0x00000000023c8000 	/System/Library/Frameworks/CoreServices.framework/Versions/A/Frameworks/SearchKit.framework/Versions/A/SearchKit
0x00000000023c8000 	/System/Library/Frameworks/CoreServices.framework/Versions/A/Frameworks/AE.framework/Versions/A/AE
0x00000000023c8000 	/System/Library/Frameworks/CoreServices.framework/Versions/A/Frameworks/LaunchServices.framework/Versions/A/LaunchServices
0x00000000023c8000 	/System/Library/Frameworks/CoreServices.framework/Versions/A/Frameworks/DictionaryServices.framework/Versions/A/DictionaryServices
0x00000000023c8000 	/System/Library/Frameworks/CoreServices.framework/Versions/A/Frameworks/SharedFileList.framework/Versions/A/SharedFileList
0x00000000023c8000 	/System/Library/Frameworks/NetFS.framework/Versions/A/NetFS
0x00000000023c8000 	/System/Library/PrivateFrameworks/NetAuth.framework/Versions/A/NetAuth
0x00000000023c8000 	/System/Library/PrivateFrameworks/login.framework/Versions/A/Frameworks/loginsupport.framework/Versions/A/loginsupport
0x00000000023c8000 	/System/Library/PrivateFrameworks/TCC.framework/Versions/A/TCC
0x00000000023c8000 	/usr/lib/libmecabra.dylib
0x00000000023c8000 	/System/Library/Frameworks/ApplicationServices.framework/Versions/A/Frameworks/ATS.framework/Versions/A/ATS
0x00000000023c8000 	/System/Library/Frameworks/ApplicationServices.framework/Versions/A/Frameworks/ColorSync.framework/Versions/A/ColorSync
0x00000000023c8000 	/System/Library/Frameworks/ApplicationServices.framework/Versions/A/Frameworks/HIServices.framework/Versions/A/HIServices
0x00000000023c8000 	/System/Library/Frameworks/ApplicationServices.framework/Versions/A/Frameworks/LangAnalysis.framework/Versions/A/LangAnalysis
0x00000000023c8000 	/System/Library/Frameworks/ApplicationServices.framework/Versions/A/Frameworks/PrintCore.framework/Versions/A/PrintCore
0x00000000023c8000 	/System/Library/Frameworks/ApplicationServices.framework/Versions/A/Frameworks/QD.framework/Versions/A/QD
0x00000000023c8000 	/System/Library/Frameworks/ApplicationServices.framework/Versions/A/Frameworks/SpeechSynthesis.framework/Versions/A/SpeechSynthesis
0x00000000023c8000 	/System/Library/Frameworks/Metal.framework/Versions/A/Metal
0x00000000023c8000 	/System/Library/Frameworks/Accelerate.framework/Versions/A/Frameworks/vImage.framework/Versions/A/vImage
0x00000000023c8000 	/System/Library/Frameworks/Accelerate.framework/Versions/A/Frameworks/vecLib.framework/Versions/A/vecLib
0x00000000023c8000 	/System/Library/Frameworks/Accelerate.framework/Versions/A/Frameworks/vecLib.framework/Versions/A/libvDSP.dylib
0x00000000023c8000 	/System/Library/Frameworks/Accelerate.framework/Versions/A/Frameworks/vecLib.framework/Versions/A/libvMisc.dylib
0x00000000023c8000 	/System/Library/Frameworks/Accelerate.framework/Versions/A/Frameworks/vecLib.framework/Versions/A/libLAPACK.dylib
0x00000000023c8000 	/System/Library/Frameworks/Accelerate.framework/Versions/A/Frameworks/vecLib.framework/Versions/A/libBLAS.dylib
0x00000000023c8000 	/System/Library/Frameworks/Accelerate.framework/Versions/A/Frameworks/vecLib.framework/Versions/A/libLinearAlgebra.dylib
0x00000000023c8000 	/System/Library/Frameworks/Accelerate.framework/Versions/A/Frameworks/vecLib.framework/Versions/A/libSparseBLAS.dylib
0x00000000023c8000 	/System/Library/PrivateFrameworks/GPUCompiler.framework/libmetal_timestamp.dylib
0x00000000023c8000 	/System/Library/Frameworks/OpenGL.framework/Versions/A/Libraries/libCoreFSCache.dylib
0x00000000023c8000 	/System/Library/PrivateFrameworks/IOAccelerator.framework/Versions/A/IOAccelerator
0x00000000023c8000 	/System/Library/Frameworks/ApplicationServices.framework/Versions/A/Frameworks/ATS.framework/Versions/A/Resources/libFontParser.dylib
0x00000000023c8000 	/System/Library/Frameworks/ApplicationServices.framework/Versions/A/Frameworks/ATS.framework/Versions/A/Resources/libFontRegistry.dylib
0x00000000023c8000 	/System/Library/PrivateFrameworks/AppleVPA.framework/Versions/A/AppleVPA
0x00000000023c8000 	/System/Library/PrivateFrameworks/AppleJPEG.framework/Versions/A/AppleJPEG
0x00000000023c8000 	/System/Library/Frameworks/ImageIO.framework/Versions/A/Resources/libJPEG.dylib
0x00000000023c8000 	/System/Library/Frameworks/ImageIO.framework/Versions/A/Resources/libTIFF.dylib
0x00000000023c8000 	/System/Library/Frameworks/ImageIO.framework/Versions/A/Resources/libPng.dylib
0x00000000023c8000 	/System/Library/Frameworks/ImageIO.framework/Versions/A/Resources/libGIF.dylib
0x00000000023c8000 	/System/Library/Frameworks/ImageIO.framework/Versions/A/Resources/libJP2.dylib
0x00000000023c8000 	/System/Library/Frameworks/ImageIO.framework/Versions/A/Resources/libRadiance.dylib
0x00000000023c8000 	/System/Library/Frameworks/CoreVideo.framework/Versions/A/CoreVideo
0x00000000023c8000 	/System/Library/Frameworks/OpenGL.framework/Versions/A/Libraries/libGLU.dylib
0x00000000023c8000 	/System/Library/Frameworks/OpenGL.framework/Versions/A/Libraries/libGFXShared.dylib
0x00000000023c8000 	/System/Library/Frameworks/OpenGL.framework/Versions/A/Libraries/libGL.dylib
0x00000000023c8000 	/System/Library/Frameworks/OpenGL.framework/Versions/A/Libraries/libGLImage.dylib
0x00000000023c8000 	/System/Library/Frameworks/OpenGL.framework/Versions/A/Libraries/libCVMSPluginSupport.dylib
0x00000000023c8000 	/System/Library/Frameworks/OpenGL.framework/Versions/A/Libraries/libCoreVMClient.dylib
0x00000000023c8000 	/usr/lib/libcompression.dylib
0x00000000023c8000 	/usr/lib/libcups.2.dylib
0x00000000023c8000 	/System/Library/Frameworks/Kerberos.framework/Versions/A/Kerberos
0x00000000023c8000 	/System/Library/Frameworks/GSS.framework/Versions/A/GSS
0x00000000023c8000 	/usr/lib/libresolv.9.dylib
0x00000000023c8000 	/usr/lib/libiconv.2.dylib
0x00000000023c8000 	/System/Library/PrivateFrameworks/Heimdal.framework/Versions/A/Heimdal
0x00000000023c8000 	/usr/lib/libheimdal-asn1.dylib
0x00000000023c8000 	/System/Library/Frameworks/OpenDirectory.framework/Versions/A/OpenDirectory
0x00000000023c8000 	/System/Library/PrivateFrameworks/CommonAuth.framework/Versions/A/CommonAuth
0x00000000023c8000 	/System/Library/Frameworks/OpenDirectory.framework/Versions/A/Frameworks/CFOpenDirectory.framework/Versions/A/CFOpenDirectory
0x00000000023c8000 	/System/Library/Frameworks/SecurityFoundation.framework/Versions/A/SecurityFoundation
0x00000000023c8000 	/System/Library/PrivateFrameworks/LanguageModeling.framework/Versions/A/LanguageModeling
0x00000000023c8000 	/usr/lib/libmarisa.dylib
0x00000000023c8000 	/usr/lib/libChineseTokenizer.dylib
0x00000000023c8000 	/usr/lib/libcmph.dylib
0x00000000023c8000 	/System/Library/Frameworks/ServiceManagement.framework/Versions/A/ServiceManagement
0x00000000023c8000 	/usr/lib/libxslt.1.dylib
0x00000000023c8000 	/System/Library/Frameworks/Carbon.framework/Versions/A/Frameworks/Ink.framework/Versions/A/Ink
0x00000000023c8000 	/usr/lib/libFosl_dynamic.dylib
0x00000000023c8000 	/System/Library/PrivateFrameworks/FaceCore.framework/Versions/A/FaceCore
0x00000000023c8000 	/System/Library/Frameworks/OpenCL.framework/Versions/A/OpenCL
0x00000000023c8000 	/System/Library/PrivateFrameworks/CrashReporterSupport.framework/Versions/A/CrashReporterSupport
0x00000000023c8000 	/System/Library/PrivateFrameworks/IconServices.framework/Versions/A/IconServices
0x00000000023c8000 	/System/Library/PrivateFrameworks/Apple80211.framework/Versions/A/Apple80211
0x00000000023c8000 	/System/Library/Frameworks/CoreWLAN.framework/Versions/A/CoreWLAN
0x00000000023c8000 	/System/Library/Frameworks/IOBluetooth.framework/Versions/A/IOBluetooth
0x00000000023c8000 	/System/Library/PrivateFrameworks/CoreWiFi.framework/Versions/A/CoreWiFi
0x00000000023c8000 	/System/Library/Frameworks/CoreBluetooth.framework/Versions/A/CoreBluetooth
0x00000000023c8000 	/System/Library/PrivateFrameworks/ChunkingLibrary.framework/Versions/A/ChunkingLibrary
0x00000000023c8000 	/System/Library/PrivateFrameworks/DebugSymbols.framework/Versions/A/DebugSymbols
0x00000000023c8000 	/System/Library/PrivateFrameworks/CoreSymbolication.framework/Versions/A/CoreSymbolication
0x00000000023c8000 	/System/Library/PrivateFrameworks/Symbolication.framework/Versions/A/Symbolication
0x00000000023c8000 	/System/Library/PrivateFrameworks/SpeechRecognitionCore.framework/Versions/A/SpeechRecognitionCore
0x0000000106774000 	/Library/Java/JavaVirtualMachines/jdk1.8.0_60.jdk/Contents/Home/jre/lib/server/libjvm.dylib
0x00000000023c8000 	/usr/lib/libstdc++.6.dylib
0x00000001076fd000 	/Library/Java/JavaVirtualMachines/jdk1.8.0_60.jdk/Contents/Home/jre/lib/libverify.dylib
0x000000010770b000 	/Library/Java/JavaVirtualMachines/jdk1.8.0_60.jdk/Contents/Home/jre/lib/libjava.dylib
0x0000000107741000 	/Library/Java/JavaVirtualMachines/jdk1.8.0_60.jdk/Contents/Home/jre/lib/libjdwp.dylib
0x000000010778c000 	/Library/Java/JavaVirtualMachines/jdk1.8.0_60.jdk/Contents/Home/jre/lib/libnpt.dylib
0x0000000107799000 	/Library/Java/JavaVirtualMachines/jdk1.8.0_60.jdk/Contents/Home/jre/lib/libzip.dylib
0x00000001223dd000 	/System/Library/Frameworks/JavaVM.framework/Frameworks/JavaRuntimeSupport.framework/JavaRuntimeSupport
0x00000001223f8000 	/System/Library/Frameworks/JavaVM.framework/Versions/A/Frameworks/JavaNativeFoundation.framework/Versions/A/JavaNativeFoundation
0x000000012240d000 	/System/Library/Frameworks/JavaVM.framework/Versions/A/JavaVM
0x00000000023c8000 	/System/Library/Frameworks/Carbon.framework/Versions/A/Carbon
0x000000012241a000 	/System/Library/PrivateFrameworks/JavaLaunching.framework/Versions/A/JavaLaunching
0x00000000023c8000 	/System/Library/Frameworks/Carbon.framework/Versions/A/Frameworks/CommonPanels.framework/Versions/A/CommonPanels
0x00000000023c8000 	/System/Library/Frameworks/Carbon.framework/Versions/A/Frameworks/Help.framework/Versions/A/Help
0x00000000023c8000 	/System/Library/Frameworks/Carbon.framework/Versions/A/Frameworks/ImageCapture.framework/Versions/A/ImageCapture
0x00000000023c8000 	/System/Library/Frameworks/Carbon.framework/Versions/A/Frameworks/OpenScripting.framework/Versions/A/OpenScripting
0x00000000023c8000 	/System/Library/Frameworks/Carbon.framework/Versions/A/Frameworks/Print.framework/Versions/A/Print
0x00000000023c8000 	/System/Library/Frameworks/Carbon.framework/Versions/A/Frameworks/SecurityHI.framework/Versions/A/SecurityHI
0x0000000123d3d000 	/Library/Java/JavaVirtualMachines/jdk1.8.0_60.jdk/Contents/Home/jre/lib/libdt_socket.dylib

VM Arguments:
jvm_args: -agentlib:jdwp=transport=dt_socket,address=127.0.0.1:50644,suspend=y,server=n -Dfile.encoding=UTF-8 
java_command: com.example.HomeTest.RegexExample
java_class_path (initial): /Library/Java/JavaVirtualMachines/jdk1.8.0_60.jdk/Contents/Home/jre/lib/charsets.jar:/Library/Java/JavaVirtualMachines/jdk1.8.0_60.jdk/Contents/Home/jre/lib/deploy.jar:/Library/Java/JavaVirtualMachines/jdk1.8.0_60.jdk/Contents/Home/jre/lib/ext/cldrdata.jar:/Library/Java/JavaVirtualMachines/jdk1.8.0_60.jdk/Contents/Home/jre/lib/ext/dnsns.jar:/Library/Java/JavaVirtualMachines/jdk1.8.0_60.jdk/Contents/Home/jre/lib/ext/jaccess.jar:/Library/Java/JavaVirtualMachines/jdk1.8.0_60.jdk/Contents/Home/jre/lib/ext/jfxrt.jar:/Library/Java/JavaVirtualMachines/jdk1.8.0_60.jdk/Contents/Home/jre/lib/ext/localedata.jar:/Library/Java/JavaVirtualMachines/jdk1.8.0_60.jdk/Contents/Home/jre/lib/ext/nashorn.jar:/Library/Java/JavaVirtualMachines/jdk1.8.0_60.jdk/Contents/Home/jre/lib/ext/sunec.jar:/Library/Java/JavaVirtualMachines/jdk1.8.0_60.jdk/Contents/Home/jre/lib/ext/sunjce_provider.jar:/Library/Java/JavaVirtualMachines/jdk1.8.0_60.jdk/Contents/Home/jre/lib/ext/sunpkcs11.jar:/Library/Java/JavaVirtualMachines/jdk1.8.0_60.jdk/Contents/Home/jre/lib/ext/zipfs.jar:/Library/Java/JavaVirtualMachines/jdk1.8.0_60.jdk/Contents/Home/jre/lib/javaws.jar:/Library/Java/JavaVirtualMachines/jdk1.8.0_60.jdk/Contents/Home/jre/lib/jce.jar:/Library/Java/JavaVirtualMachines/jdk1.8.0_60.jdk/Contents/Home/jre/lib/jfr.jar:/Library/Java/JavaVirtualMachines/jdk1.8.0_60.jdk/Contents/Home/jre/lib/jfxswt.jar:/Library/Java/JavaVirtualMachines/jdk1.8.0_60.jdk/Contents/Home/jre/lib/jsse.jar:/Library/Java/JavaVirtualMachines/jdk1.8.0_60.jdk/Contents/Home/jre/lib/management-agent.jar:/Library/Java/JavaVirtualMachines/jdk1.8.0_60.jdk/Contents/Home/jre/lib/plugin.jar:/Library/Java/JavaVirtualMachines/jdk1.8.0_60.jdk/Contents/Home/jre/lib/resources.jar:/Library/Java/JavaVirtualMachines/jdk1.8.0_60.jdk/Contents/Home/jre/lib/rt.jar:/Library/Java/JavaVirtualMachines/jdk1.8.0_60.jdk/Contents/Home/lib/ant-javafx.jar:/Library/Java/JavaVirtualMachines/jdk1.8.0_60.jdk/Contents/Home/lib/dt.jar:/Library/Ja
Launcher Type: SUN_STANDARD

Environment Variables:
JAVA_HOME=/Library/Java/JavaVirtualMachines/jdk1.8.0_60.jdk/Contents/Home
PATH=/usr/local/bin:/usr/bin:/bin:/usr/sbin:/sbin
SHELL=/bin/bash

Signal Handlers:
SIGSEGV: [libjvm.dylib+0x5a6d31], sa_mask[0]=11111111011111110111111111111111, sa_flags=SA_ONSTACK|SA_RESTART|SA_SIGINFO
SIGBUS: [libjvm.dylib+0x5a6d31], sa_mask[0]=11111111011111110111111111111111, sa_flags=SA_RESTART|SA_SIGINFO
SIGFPE: [libjvm.dylib+0x480a4c], sa_mask[0]=11111111011111110111111111111111, sa_flags=SA_RESTART|SA_SIGINFO
SIGPIPE: [libjvm.dylib+0x480a4c], sa_mask[0]=11111111011111110111111111111111, sa_flags=SA_RESTART|SA_SIGINFO
SIGXFSZ: [libjvm.dylib+0x480a4c], sa_mask[0]=11111111011111110111111111111111, sa_flags=SA_RESTART|SA_SIGINFO
SIGILL: [libjvm.dylib+0x480a4c], sa_mask[0]=11111111011111110111111111111111, sa_flags=SA_RESTART|SA_SIGINFO
SIGUSR1: SIG_DFL, sa_mask[0]=00000000000000000000000000000000, sa_flags=none
SIGUSR2: [libjvm.dylib+0x48056a], sa_mask[0]=00100000000000000000000000000000, sa_flags=SA_RESTART|SA_SIGINFO
SIGHUP: [libjvm.dylib+0x47eb41], sa_mask[0]=11111111011111110111111111111111, sa_flags=SA_RESTART|SA_SIGINFO
SIGINT: [libjvm.dylib+0x47eb41], sa_mask[0]=11111111011111110111111111111111, sa_flags=SA_RESTART|SA_SIGINFO
SIGTERM: [libjvm.dylib+0x47eb41], sa_mask[0]=11111111011111110111111111111111, sa_flags=SA_RESTART|SA_SIGINFO
SIGQUIT: [libjvm.dylib+0x47eb41], sa_mask[0]=11111111011111110111111111111111, sa_flags=SA_RESTART|SA_SIGINFO


---------------  S Y S T E M  ---------------

OS:Bsduname:Darwin 15.6.0 Darwin Kernel Version 15.6.0: Thu Sep  1 15:01:16 PDT 2016; root:xnu-3248.60.11~2/RELEASE_X86_64 x86_64
rlimit: STACK 8192k, CORE 0k, NPROC 709, NOFILE 10240, AS infinity
load average:2.87 2.64 2.43

CPU:total 4 (2 cores per cpu, 2 threads per core) family 6 model 61 stepping 4, cmov, cx8, fxsr, mmx, sse, sse2, sse3, ssse3, sse4.1, sse4.2, popcnt, avx, avx2, aes, clmul, erms, 3dnowpref, lzcnt, ht, tsc, tscinvbit, bmi1, bmi2, adx

Memory: 4k page, physical 16777216k(1003308k free)

/proc/meminfo:


vm_info: Java HotSpot(TM) 64-Bit Server VM (25.60-b23) for bsd-amd64 JRE (1.8.0_60-b27), built on Aug  4 2015 10:47:24 by "java_re" with gcc 4.2.1 (Based on Apple Inc. build 5658) (LLVM build 2336.11.00)

time: Wed Jan 18 14:52:59 2017
elapsed time: 254 seconds (0d 0h 4m 14s)

